\BOOKMARK [1][-]{section.1}{\376\377\000I\000n\000t\000r\000o\000d\000u\000c\000t\000i\000o\000n}{}% 1
\BOOKMARK [1][-]{section.2}{\376\377\000A\000\040\000d\000i\000s\000t\000a\000n\000c\000e\000\040\000m\000e\000a\000s\000u\000r\000e\000\040\000f\000o\000r\000\040\000d\000i\000s\000t\000r\000i\000b\000u\000t\000i\000o\000n\000a\000l\000\040\000d\000i\000f\000f\000e\000r\000e\000n\000c\000e\000s\000\040\000i\000n\000\040\000h\000a\000r\000m\000o\000n\000i\000e\000s}{}% 2
\BOOKMARK [2][-]{subsection.2.1}{\376\377\000P\000r\000i\000n\000c\000i\000p\000l\000e}{section.2}% 3
\BOOKMARK [2][-]{subsection.2.2}{\376\377\000N\000o\000t\000a\000t\000i\000o\000n\000s}{section.2}% 4
\BOOKMARK [2][-]{subsection.2.3}{\376\377\000C\000o\000m\000p\000u\000t\000a\000t\000i\000o\000n}{section.2}% 5
\BOOKMARK [3][-]{subsubsection.2.3.1}{\376\377\000D\000a\000t\000a\000\040\000t\000r\000a\000n\000s\000f\000o\000r\000m\000a\000t\000i\000o\000n}{subsection.2.3}% 6
\BOOKMARK [3][-]{subsubsection.2.3.2}{\376\377\000C\000h\000a\000r\000a\000c\000t\000e\000r\000i\000s\000i\000n\000g\000\040\000d\000i\000s\000t\000r\000i\000b\000u\000t\000i\000o\000n\000s}{subsection.2.3}% 7
\BOOKMARK [3][-]{subsubsection.2.3.3}{\376\377\000D\000i\000s\000t\000a\000n\000c\000e\000\040\000b\000e\000t\000w\000e\000e\000n\000\040\000d\000i\000s\000t\000r\000i\000b\000u\000t\000i\000o\000n\000s}{subsection.2.3}% 8
\BOOKMARK [3][-]{subsubsection.2.3.4}{\376\377\000W\000i\000t\000h\000i\000n\000-\000f\000a\000c\000e\000t\000\040\000a\000n\000d\000\040\000b\000e\000t\000w\000e\000e\000n\000-\000f\000a\000c\000e\000t\000\040\000d\000i\000s\000t\000a\000n\000c\000e\000s}{subsection.2.3}% 9
\BOOKMARK [3][-]{subsubsection.2.3.5}{\376\377\000T\000u\000n\000i\000n\000g\000\040\000p\000a\000r\000a\000m\000e\000t\000e\000r}{subsection.2.3}% 10
\BOOKMARK [3][-]{subsubsection.2.3.6}{\376\377\000R\000a\000w\000\040\000d\000i\000s\000t\000a\000n\000c\000e\000\040\000m\000e\000a\000s\000u\000r\000e}{subsection.2.3}% 11
\BOOKMARK [3][-]{subsubsection.2.3.7}{\376\377\000A\000d\000j\000u\000s\000t\000i\000n\000g\000\040\000f\000o\000r\000\040\000t\000h\000e\000\040\000n\000u\000m\000b\000e\000r\000\040\000o\000f\000\040\000c\000o\000m\000p\000a\000r\000i\000s\000o\000n\000s}{subsection.2.3}% 12
\BOOKMARK [1][-]{section.3}{\376\377\000R\000a\000n\000k\000i\000n\000g\000\040\000a\000n\000d\000\040\000s\000e\000l\000e\000c\000t\000i\000n\000g\000\040\000s\000i\000g\000n\000i\000f\000i\000c\000a\000n\000t\000\040\000h\000a\000r\000m\000o\000n\000i\000e\000s}{}% 13
\BOOKMARK [2][-]{subsection.3.1}{\376\377\000C\000h\000o\000o\000s\000i\000n\000g\000\040\000a\000\040\000t\000h\000r\000e\000s\000h\000o\000l\000d\000\040\000a\000n\000d\000\040\000s\000e\000l\000e\000c\000t\000i\000o\000n\000\040\000c\000r\000i\000t\000e\000r\000i\000o\000n}{section.3}% 14
\BOOKMARK [2][-]{subsection.3.2}{\376\377\000R\000a\000n\000k\000i\000n\000g}{section.3}% 15
\BOOKMARK [1][-]{section.4}{\376\377\000S\000i\000m\000u\000l\000a\000t\000i\000o\000n\000s}{}% 16
\BOOKMARK [2][-]{subsection.4.1}{\376\377\000B\000e\000h\000a\000v\000i\000o\000r\000\040\000o\000f\000\040\000d\000i\000s\000t\000a\000n\000c\000e\000\040\000m\000e\000a\000s\000u\000r\000e\000s}{section.4}% 17
\BOOKMARK [2][-]{subsection.4.2}{\376\377\000C\000h\000o\000o\000s\000i\000n\000g\000\040\000t\000h\000r\000e\000s\000h\000o\000l\000d}{section.4}% 18
\BOOKMARK [3][-]{subsubsection.4.2.1}{\376\377\000D\000e\000s\000i\000g\000n}{subsection.4.2}% 19
\BOOKMARK [2][-]{subsection.4.3}{\376\377\000E\000n\000v\000i\000r\000o\000n\000m\000e\000n\000t}{section.4}% 20
\BOOKMARK [1][-]{section.5}{\376\377\000A\000p\000p\000l\000i\000c\000a\000t\000i\000o\000n\000\040\000t\000o\000\040\000r\000e\000s\000i\000d\000e\000n\000t\000i\000a\000l\000\040\000s\000m\000a\000r\000t\000\040\000m\000e\000t\000e\000r\000\040\000d\000a\000t\000a\000s\000e\000t}{}% 21
\BOOKMARK [1][-]{section.6}{\376\377\000D\000i\000s\000c\000u\000s\000s\000i\000o\000n}{}% 22
